[debug] [2026-04-13T15:17:21.790Z] ----------------------------------------------------------------------
[debug] [2026-04-13T15:17:21.791Z] Command:       /Users/user/.nvm/versions/node/v24.14.1/bin/node /Users/user/.npm/_npx/7750544ccf494d8b/node_modules/.bin/firebase login --reauth --no-localhost
[debug] [2026-04-13T15:17:21.791Z] CLI Version:   15.14.0
[debug] [2026-04-13T15:17:21.791Z] Platform:      darwin
[debug] [2026-04-13T15:17:21.791Z] Node Version:  v24.14.1
[debug] [2026-04-13T15:17:21.791Z] Time:          Tue Apr 14 2026 00:17:21 GMT+0900 (Japan Standard Time)
[debug] [2026-04-13T15:17:21.791Z] ----------------------------------------------------------------------
[debug] 
[debug] [2026-04-13T15:17:21.869Z] >>> [apiv2][query] POST https://auth.firebase.tools/attest [none]
[debug] [2026-04-13T15:17:21.870Z] >>> [apiv2][body] POST https://auth.firebase.tools/attest {"session_id":"a7ca8c9f-a35d-46c9-af61-9ebffd1db7a4"}
[debug] [2026-04-13T15:17:22.513Z] <<< [apiv2][status] POST https://auth.firebase.tools/attest 200
[debug] [2026-04-13T15:17:22.513Z] <<< [apiv2][body] POST https://auth.firebase.tools/attest {"token":"Mtg73neGngov16CGvBuKwcmWPHgihv2G3G2JK9Sj83g"}
[info] 
[info] To sign in to the Firebase CLI:
[info] 
[info] 1. Take note of your session ID:
[info] 
[info]    A7CA8
[info] 
[info] 2. Visit the URL below on any device and follow the instructions to get your code:
[info] 
[info]    https://auth.firebase.tools/login?code_challenge=M5w8CGWqhaLZWPOJIpz4Z9D-nmXr3N2oCdW7x2IZ_Go&session=a7ca8c9f-a35d-46c9-af61-9ebffd1db7a4&attest=Mtg73neGngov16CGvBuKwcmWPHgihv2G3G2JK9Sj83g
[info] 
[info] 3. Paste or enter the authorization code below once you have it:
[info] 
